
*** Running vivado
    with args -log top.vds -m64 -product Vivado -mode batch -messageDb vivado.pb -notrace -source top.tcl


****** Vivado v2023.2 (64-bit)
  **** SW Build 4029153 on Fri Oct 13 20:13:54 MDT 2023
  **** IP Build 4028589 on Sat Oct 14 00:45:43 MDT 2023
  **** SharedData Build 4025554 on Tue Oct 10 17:18:54 MDT 2023
    ** Copyright 1986-2022 Xilinx, Inc. All Rights Reserved.
    ** Copyright 2022-2023 Advanced Micro Devices, Inc. All Rights Reserved.

source top.tcl -notrace
create_project: Time (s): cpu = 00:00:09 ; elapsed = 00:00:09 . Memory (MB): peak = 1307.926 ; gain = 0.023 ; free physical = 3796 ; free virtual = 6129
Command: read_checkpoint -auto_incremental -incremental /home/user/Downloads/t1/proto/project_1/project_1.srcs/utils_1/imports/synth_1/top.dcp
INFO: [Vivado 12-5825] Read reference checkpoint from /home/user/Downloads/t1/proto/project_1/project_1.srcs/utils_1/imports/synth_1/top.dcp for incremental synthesis
INFO: [Vivado 12-7989] Please ensure there are no constraint changes
Command: synth_design -top top -part xc7a100tcsg324-1
Starting synth_design
Attempting to get a license for feature 'Synthesis' and/or device 'xc7a100t'
INFO: [Common 17-349] Got license for feature 'Synthesis' and/or device 'xc7a100t'
INFO: [Device 21-403] Loading part xc7a100tcsg324-1
INFO: [Designutils 20-5440] No compile time benefit to using incremental synthesis; A full resynthesis will be run
INFO: [Designutils 20-4379] Flow is switching to default flow due to incremental criteria not met. If you would like to alter this behaviour and have the flow terminate instead, please set the following parameter config_implementation {autoIncr.Synth.RejectBehavior Terminate}
INFO: [Synth 8-7079] Multithreading enabled for synth_design using a maximum of 4 processes.
INFO: [Synth 8-7078] Launching helper process for spawning children vivado processes
INFO: [Synth 8-7075] Helper process launched with PID 6591
---------------------------------------------------------------------------------
Starting RTL Elaboration : Time (s): cpu = 00:00:05 ; elapsed = 00:00:05 . Memory (MB): peak = 2050.617 ; gain = 405.715 ; free physical = 2380 ; free virtual = 4742
---------------------------------------------------------------------------------
INFO: [Synth 8-6157] synthesizing module 'top' [/home/user/Downloads/t1/top/top2.sv:1]
INFO: [Synth 8-6157] synthesizing module 'clocks' [/home/user/Downloads/t1/clocks/clocks.sv:1]
	Parameter BASE_CLOCK bound to: 100000000 - type: integer 
INFO: [Synth 8-6155] done synthesizing module 'clocks' (0#1) [/home/user/Downloads/t1/clocks/clocks.sv:1]
INFO: [Synth 8-294] found qualifier unique on case statement: implementing as parallel_case [/home/user/Downloads/t1/top/top2.sv:61]
INFO: [Synth 8-6157] synthesizing module 'edge_detector' [/home/user/Downloads/t1/drivers/edge_detector_sintese.v:1]
INFO: [Synth 8-6155] done synthesizing module 'edge_detector' (0#1) [/home/user/Downloads/t1/drivers/edge_detector_sintese.v:1]
INFO: [Synth 8-6157] synthesizing module 'dspl_drv_NexysA7' [/home/user/Downloads/t1/drivers/dspl_drv_NexysA7.v:1]
INFO: [Synth 8-6155] done synthesizing module 'dspl_drv_NexysA7' (0#1) [/home/user/Downloads/t1/drivers/dspl_drv_NexysA7.v:1]
WARNING: [Synth 8-4446] all outputs are unconnected for this instance and logic may be removed [/home/user/Downloads/t1/top/top2.sv:225]
INFO: [Synth 8-6157] synthesizing module 'ila_elapsed' [/home/user/Downloads/t1/proto/project_1/project_1.runs/synth_1/.Xil/Vivado-6537-debianvm/realtime/ila_elapsed_stub.v:6]
INFO: [Synth 8-6155] done synthesizing module 'ila_elapsed' (0#1) [/home/user/Downloads/t1/proto/project_1/project_1.runs/synth_1/.Xil/Vivado-6537-debianvm/realtime/ila_elapsed_stub.v:6]
INFO: [Synth 8-6155] done synthesizing module 'top' (0#1) [/home/user/Downloads/t1/top/top2.sv:1]
WARNING: [Synth 8-6014] Unused sequential element medidor_reg was removed.  [/home/user/Downloads/t1/clocks/clocks.sv:48]
INFO: [Synth 8-6071] Mark debug on the nets applies keep_hierarchy on instance 'ila'. This will prevent further optimization [/home/user/Downloads/t1/top/top2.sv:225]
---------------------------------------------------------------------------------
Finished RTL Elaboration : Time (s): cpu = 00:00:07 ; elapsed = 00:00:08 . Memory (MB): peak = 2127.586 ; gain = 482.684 ; free physical = 2427 ; free virtual = 4759
---------------------------------------------------------------------------------
---------------------------------------------------------------------------------
Start Handling Custom Attributes
---------------------------------------------------------------------------------
---------------------------------------------------------------------------------
Finished Handling Custom Attributes : Time (s): cpu = 00:00:08 ; elapsed = 00:00:08 . Memory (MB): peak = 2139.461 ; gain = 494.559 ; free physical = 2419 ; free virtual = 4751
---------------------------------------------------------------------------------
---------------------------------------------------------------------------------
Finished RTL Optimization Phase 1 : Time (s): cpu = 00:00:08 ; elapsed = 00:00:08 . Memory (MB): peak = 2139.461 ; gain = 494.559 ; free physical = 2419 ; free virtual = 4751
---------------------------------------------------------------------------------
Netlist sorting complete. Time (s): cpu = 00:00:00 ; elapsed = 00:00:00 . Memory (MB): peak = 2139.461 ; gain = 0.000 ; free physical = 2419 ; free virtual = 4751
INFO: [Project 1-570] Preparing netlist for logic optimization

Processing XDC Constraints
Initializing timing engine
Parsing XDC File [/home/user/Downloads/t1/proto/project_1/project_1.gen/sources_1/ip/ila_elapsed/ila_elapsed/ila_elapsed_in_context.xdc] for cell 'ila'
Finished Parsing XDC File [/home/user/Downloads/t1/proto/project_1/project_1.gen/sources_1/ip/ila_elapsed/ila_elapsed/ila_elapsed_in_context.xdc] for cell 'ila'
Parsing XDC File [/home/user/Downloads/t1/top/Nexys-A7-100T-TP2.xdc]
Finished Parsing XDC File [/home/user/Downloads/t1/top/Nexys-A7-100T-TP2.xdc]
INFO: [Project 1-236] Implementation specific constraints were found while reading constraint file [/home/user/Downloads/t1/top/Nexys-A7-100T-TP2.xdc]. These constraints will be ignored for synthesis but will be used in implementation. Impacted constraints are listed in the file [.Xil/top_propImpl.xdc].
Resolution: To avoid this warning, move constraints listed in [.Xil/top_propImpl.xdc] to another XDC file and exclude this new file from synthesis with the used_in_synthesis property (File Properties dialog in GUI) and re-run elaboration/synthesis.
Completed Processing XDC Constraints

Netlist sorting complete. Time (s): cpu = 00:00:00 ; elapsed = 00:00:00 . Memory (MB): peak = 2245.227 ; gain = 0.000 ; free physical = 2356 ; free virtual = 4689
INFO: [Project 1-111] Unisim Transformation Summary:
No Unisim elements were transformed.

Constraint Validation Runtime : Time (s): cpu = 00:00:00.01 ; elapsed = 00:00:00.01 . Memory (MB): peak = 2245.262 ; gain = 0.000 ; free physical = 2356 ; free virtual = 4689
INFO: [Designutils 20-5440] No compile time benefit to using incremental synthesis; A full resynthesis will be run
INFO: [Designutils 20-4379] Flow is switching to default flow due to incremental criteria not met. If you would like to alter this behaviour and have the flow terminate instead, please set the following parameter config_implementation {autoIncr.Synth.RejectBehavior Terminate}
---------------------------------------------------------------------------------
Finished Constraint Validation : Time (s): cpu = 00:00:16 ; elapsed = 00:00:16 . Memory (MB): peak = 2245.262 ; gain = 600.359 ; free physical = 2502 ; free virtual = 4831
---------------------------------------------------------------------------------
---------------------------------------------------------------------------------
Start Loading Part and Timing Information
---------------------------------------------------------------------------------
Loading part: xc7a100tcsg324-1
---------------------------------------------------------------------------------
Finished Loading Part and Timing Information : Time (s): cpu = 00:00:16 ; elapsed = 00:00:16 . Memory (MB): peak = 2245.262 ; gain = 600.359 ; free physical = 2502 ; free virtual = 4831
---------------------------------------------------------------------------------
---------------------------------------------------------------------------------
Start Applying 'set_property' XDC Constraints
---------------------------------------------------------------------------------
Applied set_property KEEP_HIERARCHY = SOFT for ila. (constraint file  auto generated constraint).
---------------------------------------------------------------------------------
Finished applying 'set_property' XDC Constraints : Time (s): cpu = 00:00:16 ; elapsed = 00:00:16 . Memory (MB): peak = 2245.262 ; gain = 600.359 ; free physical = 2502 ; free virtual = 4831
---------------------------------------------------------------------------------
INFO: [Synth 8-802] inferred FSM for state register 'EA_reg' in module 'edge_detector'
INFO: [Synth 8-802] inferred FSM for state register 'EA_reg' in module 'top'
---------------------------------------------------------------------------------------------------
                   State |                     New Encoding |                Previous Encoding 
---------------------------------------------------------------------------------------------------
                 iSTATE0 |                              001 |                               00
                 iSTATE1 |                              010 |                               01
                  iSTATE |                              100 |                               10
*
---------------------------------------------------------------------------------------------------
INFO: [Synth 8-3354] encoded FSM with state register 'EA_reg' using encoding 'one-hot' in module 'edge_detector'
---------------------------------------------------------------------------------------------------
                   State |                     New Encoding |                Previous Encoding 
---------------------------------------------------------------------------------------------------
*
                    IDLE |                             0001 |                             0001
                COUNTING |                             0010 |                             0010
                    STOP |                             1000 |                             1000
                   SPLIT |                             0100 |                             0100
---------------------------------------------------------------------------------------------------
INFO: [Synth 8-3898] No Re-encoding of one hot register 'EA_reg' in module 'top'
---------------------------------------------------------------------------------
Finished RTL Optimization Phase 2 : Time (s): cpu = 00:00:16 ; elapsed = 00:00:17 . Memory (MB): peak = 2245.262 ; gain = 600.359 ; free physical = 2500 ; free virtual = 4829
---------------------------------------------------------------------------------
---------------------------------------------------------------------------------
Start RTL Component Statistics 
---------------------------------------------------------------------------------
Detailed RTL Component Info : 
+---Adders : 
	   2 Input   32 Bit       Adders := 1     
	   2 Input   19 Bit       Adders := 1     
	   2 Input   17 Bit       Adders := 3     
	   2 Input    8 Bit       Adders := 3     
	   2 Input    7 Bit       Adders := 1     
	   2 Input    6 Bit       Adders := 1     
	   2 Input    3 Bit       Adders := 1     
+---Registers : 
	               32 Bit    Registers := 1     
	               19 Bit    Registers := 1     
	               17 Bit    Registers := 3     
	                8 Bit    Registers := 4     
	                7 Bit    Registers := 1     
	                6 Bit    Registers := 1     
	                5 Bit    Registers := 1     
	                4 Bit    Registers := 8     
	                3 Bit    Registers := 1     
	                1 Bit    Registers := 7     
+---Muxes : 
	   2 Input   32 Bit        Muxes := 1     
	   2 Input   19 Bit        Muxes := 1     
	   3 Input   17 Bit        Muxes := 3     
	   2 Input    8 Bit        Muxes := 3     
	   2 Input    6 Bit        Muxes := 1     
	   2 Input    4 Bit        Muxes := 10    
	   5 Input    4 Bit        Muxes := 1     
	   3 Input    3 Bit        Muxes := 3     
	   2 Input    3 Bit        Muxes := 3     
	   2 Input    2 Bit        Muxes := 1     
	   3 Input    1 Bit        Muxes := 12    
	   2 Input    1 Bit        Muxes := 8     
---------------------------------------------------------------------------------
Finished RTL Component Statistics 
---------------------------------------------------------------------------------
---------------------------------------------------------------------------------
Start Part Resource Summary
---------------------------------------------------------------------------------
Part Resources:
DSPs: 240 (col length:80)
BRAMs: 270 (col length: RAMB18 80 RAMB36 40)
---------------------------------------------------------------------------------
Finished Part Resource Summary
---------------------------------------------------------------------------------
---------------------------------------------------------------------------------
Start Cross Boundary and Area Optimization
---------------------------------------------------------------------------------
WARNING: [Synth 8-7080] Parallel synthesis criteria is not met
WARNING: [Synth 8-3332] Sequential element (edge_start/FSM_onehot_EA_reg[2]) is unused and will be removed from module top.
WARNING: [Synth 8-3332] Sequential element (edge_stop/FSM_onehot_EA_reg[2]) is unused and will be removed from module top.
WARNING: [Synth 8-3332] Sequential element (edge_split/FSM_onehot_EA_reg[2]) is unused and will be removed from module top.
---------------------------------------------------------------------------------
Finished Cross Boundary and Area Optimization : Time (s): cpu = 00:00:22 ; elapsed = 00:00:22 . Memory (MB): peak = 2245.262 ; gain = 600.359 ; free physical = 2479 ; free virtual = 4812
---------------------------------------------------------------------------------
---------------------------------------------------------------------------------
Start Applying XDC Timing Constraints
---------------------------------------------------------------------------------
---------------------------------------------------------------------------------
Finished Applying XDC Timing Constraints : Time (s): cpu = 00:00:27 ; elapsed = 00:00:28 . Memory (MB): peak = 2245.262 ; gain = 600.359 ; free physical = 2488 ; free virtual = 4821
---------------------------------------------------------------------------------
---------------------------------------------------------------------------------
Start Timing Optimization
---------------------------------------------------------------------------------
---------------------------------------------------------------------------------
Finished Timing Optimization : Time (s): cpu = 00:00:27 ; elapsed = 00:00:28 . Memory (MB): peak = 2245.262 ; gain = 600.359 ; free physical = 2488 ; free virtual = 4821
---------------------------------------------------------------------------------
---------------------------------------------------------------------------------
Start Technology Mapping
---------------------------------------------------------------------------------
---------------------------------------------------------------------------------
Finished Technology Mapping : Time (s): cpu = 00:00:27 ; elapsed = 00:00:28 . Memory (MB): peak = 2245.262 ; gain = 600.359 ; free physical = 2488 ; free virtual = 4821
---------------------------------------------------------------------------------
---------------------------------------------------------------------------------
Start IO Insertion
---------------------------------------------------------------------------------
---------------------------------------------------------------------------------
Start Flattening Before IO Insertion
---------------------------------------------------------------------------------
---------------------------------------------------------------------------------
Finished Flattening Before IO Insertion
---------------------------------------------------------------------------------
---------------------------------------------------------------------------------
Start Final Netlist Cleanup
---------------------------------------------------------------------------------
---------------------------------------------------------------------------------
Finished Final Netlist Cleanup
---------------------------------------------------------------------------------
---------------------------------------------------------------------------------
Finished IO Insertion : Time (s): cpu = 00:00:32 ; elapsed = 00:00:32 . Memory (MB): peak = 2245.262 ; gain = 600.359 ; free physical = 2487 ; free virtual = 4821
---------------------------------------------------------------------------------
---------------------------------------------------------------------------------
Start Renaming Generated Instances
---------------------------------------------------------------------------------
---------------------------------------------------------------------------------
Finished Renaming Generated Instances : Time (s): cpu = 00:00:32 ; elapsed = 00:00:32 . Memory (MB): peak = 2245.262 ; gain = 600.359 ; free physical = 2487 ; free virtual = 4821
---------------------------------------------------------------------------------
---------------------------------------------------------------------------------
Start Rebuilding User Hierarchy
---------------------------------------------------------------------------------
---------------------------------------------------------------------------------
Finished Rebuilding User Hierarchy : Time (s): cpu = 00:00:32 ; elapsed = 00:00:32 . Memory (MB): peak = 2245.262 ; gain = 600.359 ; free physical = 2487 ; free virtual = 4821
---------------------------------------------------------------------------------
---------------------------------------------------------------------------------
Start Renaming Generated Ports
---------------------------------------------------------------------------------
---------------------------------------------------------------------------------
Finished Renaming Generated Ports : Time (s): cpu = 00:00:32 ; elapsed = 00:00:32 . Memory (MB): peak = 2245.262 ; gain = 600.359 ; free physical = 2487 ; free virtual = 4821
---------------------------------------------------------------------------------
---------------------------------------------------------------------------------
Start Handling Custom Attributes
---------------------------------------------------------------------------------
---------------------------------------------------------------------------------
Finished Handling Custom Attributes : Time (s): cpu = 00:00:32 ; elapsed = 00:00:32 . Memory (MB): peak = 2245.262 ; gain = 600.359 ; free physical = 2487 ; free virtual = 4821
---------------------------------------------------------------------------------
---------------------------------------------------------------------------------
Start Renaming Generated Nets
---------------------------------------------------------------------------------
---------------------------------------------------------------------------------
Finished Renaming Generated Nets : Time (s): cpu = 00:00:32 ; elapsed = 00:00:32 . Memory (MB): peak = 2245.262 ; gain = 600.359 ; free physical = 2487 ; free virtual = 4821
---------------------------------------------------------------------------------
---------------------------------------------------------------------------------
Start Writing Synthesis Report
---------------------------------------------------------------------------------

Report BlackBoxes: 
+------+--------------+----------+
|      |BlackBox name |Instances |
+------+--------------+----------+
|1     |ila_elapsed   |         1|
+------+--------------+----------+

Report Cell Usage: 
+------+------------+------+
|      |Cell        |Count |
+------+------------+------+
|1     |ila_elapsed |     1|
|2     |BUFG        |     2|
|3     |CARRY4      |    25|
|4     |LUT1        |     8|
|5     |LUT2        |    63|
|6     |LUT3        |    27|
|7     |LUT4        |    45|
|8     |LUT5        |    64|
|9     |LUT6        |    92|
|10    |MUXF7       |     2|
|11    |MUXF8       |     1|
|12    |FDCE        |   128|
|13    |FDPE        |    11|
|14    |FDRE        |    43|
|15    |FDSE        |    21|
|16    |IBUF        |     5|
|17    |OBUF        |    16|
+------+------------+------+
---------------------------------------------------------------------------------
Finished Writing Synthesis Report : Time (s): cpu = 00:00:32 ; elapsed = 00:00:32 . Memory (MB): peak = 2245.262 ; gain = 600.359 ; free physical = 2487 ; free virtual = 4821
---------------------------------------------------------------------------------
Synthesis finished with 0 errors, 0 critical warnings and 4 warnings.
Synthesis Optimization Runtime : Time (s): cpu = 00:00:30 ; elapsed = 00:00:30 . Memory (MB): peak = 2245.262 ; gain = 494.559 ; free physical = 2485 ; free virtual = 4819
Synthesis Optimization Complete : Time (s): cpu = 00:00:32 ; elapsed = 00:00:33 . Memory (MB): peak = 2245.262 ; gain = 600.359 ; free physical = 2485 ; free virtual = 4819
INFO: [Project 1-571] Translating synthesized netlist
Netlist sorting complete. Time (s): cpu = 00:00:00.01 ; elapsed = 00:00:00.01 . Memory (MB): peak = 2245.262 ; gain = 0.000 ; free physical = 2735 ; free virtual = 5068
INFO: [Netlist 29-17] Analyzing 28 Unisim elements for replacement
INFO: [Netlist 29-28] Unisim Transformation completed in 3 CPU seconds
INFO: [Project 1-570] Preparing netlist for logic optimization
INFO: [Opt 31-138] Pushed 0 inverter(s) to 0 load pin(s).
Netlist sorting complete. Time (s): cpu = 00:00:00 ; elapsed = 00:00:00 . Memory (MB): peak = 2245.262 ; gain = 0.000 ; free physical = 2766 ; free virtual = 5099
INFO: [Project 1-111] Unisim Transformation Summary:
No Unisim elements were transformed.

Synth Design complete | Checksum: 965f3eba
INFO: [Common 17-83] Releasing license: Synthesis
37 Infos, 6 Warnings, 0 Critical Warnings and 0 Errors encountered.
synth_design completed successfully
synth_design: Time (s): cpu = 00:00:40 ; elapsed = 00:00:37 . Memory (MB): peak = 2245.262 ; gain = 937.336 ; free physical = 2765 ; free virtual = 5098
INFO: [Common 17-2834] synth_design peak Physical Memory [PSS] (MB): overall = 1889.745; main = 1580.383; forked = 358.797
INFO: [Common 17-2834] synth_design peak Virtual Memory [VSS] (MB): overall = 3200.293; main = 2245.227; forked = 955.066
Write ShapeDB Complete: Time (s): cpu = 00:00:00.01 ; elapsed = 00:00:00 . Memory (MB): peak = 2269.238 ; gain = 0.000 ; free physical = 2765 ; free virtual = 5098
INFO: [Common 17-1381] The checkpoint '/home/user/Downloads/t1/proto/project_1/project_1.runs/synth_1/top.dcp' has been generated.
INFO: [runtcl-4] Executing : report_utilization -file top_utilization_synth.rpt -pb top_utilization_synth.pb
INFO: [Common 17-206] Exiting Vivado at Fri Apr 12 01:28:03 2024...
